<?xml version="1.0" encoding="UTF-8"?>
<!-- Generated by org.testng.reporters.JUnitReportReporter -->
<testsuite skipped="0" hostname="MacBook-Pro-mac" name="tests.DropDownTest" tests="1" failures="0" timestamp="2020-08-17T10:40:12 EEST" time="8.373" errors="0">
  <testcase name="DropDownTest" time="8.373" classname="tests.DropDownTest"/>
</testsuite> <!-- tests.DropDownTest -->
