<?xml version="1.0" encoding="UTF-8"?>
<!-- Generated by org.testng.reporters.JUnitReportReporter -->
<testsuite skipped="0" hostname="MacBook-Pro-mac" name="tests.ProductScrollTest" tests="1" failures="0" timestamp="2020-07-29T16:45:05 EEST" time="2.031" errors="0">
  <testcase name="ProductsScrollTest" time="2.031" classname="tests.ProductScrollTest"/>
</testsuite> <!-- tests.ProductScrollTest -->
