<?xml version="1.0" encoding="UTF-8"?>
<!-- Generated by org.testng.reporters.JUnitReportReporter -->
<testsuite skipped="0" hostname="MacBook-Pro-mac" name="tests.FirstTest" tests="1" failures="0" timestamp="2020-06-25T16:25:05 EEST" time="2.211" errors="0">
  <testcase name="Rozetka1" time="2.211" classname="tests.FirstTest"/>
</testsuite> <!-- tests.FirstTest -->
