<?xml version="1.0" encoding="UTF-8"?>
<!-- Generated by org.testng.reporters.JUnitReportReporter -->
<testsuite skipped="0" hostname="MacBook-Pro-mac" name="tests.SecondTest" tests="1" failures="0" timestamp="2020-08-17T14:02:03 EEST" time="1.018" errors="0">
  <testcase name="rozetka2" time="1.018" classname="tests.SecondTest"/>
</testsuite> <!-- tests.SecondTest -->
