<?xml version="1.0" encoding="UTF-8"?>
<!-- Generated by org.testng.reporters.JUnitReportReporter -->
<testsuite skipped="0" hostname="MacBook-Pro-mac" name="tests.FourthTestChooseCity" tests="1" failures="0" timestamp="2020-06-24T14:34:44 EEST" time="1.041" errors="0">
  <testcase name="Rozetka4" time="1.041" classname="tests.FourthTestChooseCity"/>
</testsuite> <!-- tests.FourthTestChooseCity -->
