<?xml version="1.0" encoding="UTF-8"?>
<!-- Generated by org.testng.reporters.JUnitReportReporter -->
<testsuite skipped="0" hostname="MacBook-Pro-mac" name="tests.CheckBoxesTest" tests="1" failures="0" timestamp="2020-08-14T12:25:45 EEST" time="5.882" errors="0">
  <testcase name="checkBoxesTest" time="5.882" classname="tests.CheckBoxesTest"/>
</testsuite> <!-- tests.CheckBoxesTest -->
