<?xml version="1.0" encoding="UTF-8"?>
<!-- Generated by org.testng.reporters.JUnitReportReporter -->
<testsuite skipped="0" hostname="MacBook-Pro-mac" name="tests.ThirdScrollTest" tests="1" failures="0" timestamp="2020-08-07T14:59:59 EEST" time="2.087" errors="0">
  <testcase name="Rozetka1" time="2.087" classname="tests.ThirdScrollTest"/>
</testsuite> <!-- tests.ThirdScrollTest -->
