<?xml version="1.0" encoding="UTF-8"?>
<!-- Generated by org.testng.reporters.JUnitReportReporter -->
<testsuite skipped="0" hostname="MacBook-Pro-mac" name="tests.CatalogTest" tests="1" failures="0" timestamp="2020-08-14T14:18:05 EEST" time="7.573" errors="0">
  <testcase name="catalogTest" time="7.573" classname="tests.CatalogTest"/>
</testsuite> <!-- tests.CatalogTest -->
