<?xml version="1.0" encoding="UTF-8"?>
<!-- Generated by org.testng.reporters.JUnitReportReporter -->
<testsuite skipped="0" hostname="MacBook-Pro-mac" name="tests.FinalPurchase" tests="1" failures="0" timestamp="2020-08-17T10:41:38 EEST" time="18.061" errors="0">
  <testcase name="PurchaseTest" time="18.061" classname="tests.FinalPurchase"/>
</testsuite> <!-- tests.FinalPurchase -->
