<?xml version="1.0" encoding="UTF-8"?>
<!-- Generated by org.testng.reporters.JUnitReportReporter -->
<testsuite skipped="0" hostname="MacBook-Pro-mac" name="tests.LoginTest" tests="1" failures="0" timestamp="10 июн 2020 12:50:50 GMT" time="10.892" errors="0">
  <testcase name="loginTest" time="10.892" classname="tests.LoginTest"/>
</testsuite> <!-- tests.LoginTest -->
